C51 COMPILER V7.50   1                                                                     08/20/2010 10:47:54 PAGE 1   


C51 COMPILER V7.50, COMPILATION OF MODULE 1
OBJECT MODULE PLACED IN .\1.obj
COMPILER INVOKED BY: d:\Keil\C51\BIN\C51.EXE F:\1.c BROWSE DEBUG OBJECTEXTEND PRINT(.\1.lst) OBJECT(.\1.obj)

line level    source

   1          #include<reg52.h>
   2          sbit led0=P1^0;
   3          sbit key=P1^7;
   4          unsigned char num=0;
   5          void delay_ms(unsigned int x) // ÑÓÊ±ºÁÃë¼¶
   6          {
   7   1              unsigned int a=0,b=0,c=0;
   8   1              for(a=x;a>0;a--)
   9   1              for(b=5;b>0;b--)
  10   1              for(c=64;c>0;c--);
  11   1      }
  12          void main()
  13          {
  14   1              unsigned char a=20,m;
  15   1              TMOD=0x12;
  16   1              TH0=(65536-45872)/256;
  17   1              TL0=(65536-45872)%256;
  18   1              EA=1;
  19   1              TR1=1;
  20   1              ET1=1;
  21   1              
  22   1              while(1)
  23   1              {
  24   2                      
  25   2              }
  26   1      }
*** WARNING C280 IN LINE 14 OF F:\1.C: 'm': unreferenced local variable
  27          
  28          void timer_0() interrupt 3
  29          {
  30   1              TH1=(65536-45872)/256;
  31   1              TL1=(65536-45872)%256;
  32   1              num++;
  33   1              if(20==num)
  34   1              {
  35   2                      num=0;
  36   2                      led0=~led0;
  37   2              }
  38   1      
  39   1      }


MODULE INFORMATION:   STATIC OVERLAYABLE
   CODE SIZE        =    103    ----
   CONSTANT SIZE    =   ----    ----
   XDATA SIZE       =   ----    ----
   PDATA SIZE       =   ----    ----
   DATA SIZE        =      1       2
   IDATA SIZE       =   ----    ----
   BIT SIZE         =   ----    ----
END OF MODULE INFORMATION.


C51 COMPILATION COMPLETE.  1 WARNING(S),  0 ERROR(S)
