C51 COMPILER V7.06   12864字__允_                                                         11/23/2009 13:07:26 PAGE 1   


C51 COMPILER V7.06, COMPILATION OF MODULE 12864字__允_
OBJECT MODULE PLACED IN 12864字符显示.OBJ
COMPILER INVOKED BY: D:\Program Files\keil\C51\BIN\C51.EXE 12864字符显示.c BROWSE DEBUG OBJECTEXTEND

stmt level    source

   1          //#######################################################
   2          //
   3          //    试  验 名 称: 图形液晶 128*64 显示程序
   4          //
   5          //    试  验 功 能: 通过128*64进行汉字,字符的显示
   6          //
   7          //    实验硬件环境: 所有程序均在"亿唯电子"公司 MINI51实验板上测试成功,
   8          //                  主控芯片: STC公司的 STC12C5A16S2 单片机
   9          //                              晶振频率: 11.0592MHz 
  10          //       
  11          //    更多程序下载>>亿唯电子: www.evmcu.net
  12          //
  13          //#######################################################
  14          #include<reg52.h>
  15          #include<intrins.h>
  16          
  17          sbit    LCD_EN   = P3^7 ;
  18          sbit    LCD_PSB  = P3^6 ;
  19          sbit    LCD_RW   = P3^5 ;
  20          sbit    LCD_RS   = P3^4 ;
  21          
  22          #define LCD_data_port P1 // 数据端口定义
  23          
  24          void delay_ms(unsigned int x) // 延时毫秒级
  25          {
  26   1              unsigned int a=0,b=0,c=0;
  27   1              for(a=x;a>0;a--)
  28   1              for(b=5;b>0;b--)
  29   1              for(c=128;c>0;c--);
  30   1      }
  31          
  32          void delay_us() // 固定延时100微秒
  33          {
  34   1              unsigned char n=0;
  35   1              for(n=220;n>0;n--)
  36   1              {
  37   2                      _nop_();
  38   2              }
  39   1      }
  40          
  41          ////////////////////////////////*液晶显示程序*/////////////////////////////
  42          
  43          void LCD_write_com(unsigned char shu)//写指令
  44          {
  45   1              LCD_PSB=1;
  46   1              LCD_RS=0;
  47   1              LCD_RW=0;
  48   1              LCD_EN=0;
  49   1      
  50   1              delay_us();
  51   1              LCD_data_port = shu ;
  52   1              delay_us();
  53   1              LCD_EN=1;
  54   1              delay_us();
  55   1              LCD_EN=0;
C51 COMPILER V7.06   12864字__允_                                                         11/23/2009 13:07:26 PAGE 2   

  56   1              delay_us();
  57   1      }
  58          
  59          void LCD_write_data(unsigned char shu)//写数据
  60          {
  61   1              LCD_PSB=1;
  62   1              LCD_RS=1;
  63   1              LCD_RW=0;
  64   1              LCD_EN=0;
  65   1      
  66   1              delay_us();
  67   1              LCD_data_port = shu ;
  68   1              delay_us();
  69   1              LCD_EN=1;
  70   1              delay_us();
  71   1              LCD_EN=0;
  72   1              delay_us();
  73   1      }
  74          
  75          void LCD_write_array(unsigned char *shu) // 写字符串
  76          {
  77   1              LCD_PSB=1;
  78   1              LCD_RS=1;
  79   1              LCD_RW=0;
  80   1              LCD_EN=0;
  81   1      
  82   1              while((*shu)!='\0')
  83   1              {
  84   2                      LCD_data_port = *shu ;
  85   2                      delay_us();
  86   2                      LCD_EN=1;
  87   2                      delay_us();
  88   2                      LCD_EN=0;
  89   2                      delay_us();
  90   2                      shu++;
  91   2              }
  92   1      }
  93          
  94          /////////////////////////////////*液晶初始化*///////////////////////////////
  95          void LCD_initial()//液晶初始化
  96          {
  97   1              LCD_EN=0;
  98   1              LCD_write_com(0x30);
  99   1              LCD_write_com(0x0c);
 100   1              LCD_write_com(0x01);
 101   1              LCD_write_com(0x06);
 102   1              delay_ms(10); // 等待一段时间用于清屏
 103   1      }
 104          
 105          void main(void)
 106          {
 107   1              LCD_initial();
 108   1              while(1)
 109   1              {
 110   2                      LCD_write_com(0x81);
 111   2                      LCD_write_array("Designed By");
 112   2                      LCD_write_com(0x92);
 113   2                      LCD_write_array("亿唯电子");
 114   2                      LCD_write_com(0x89);
 115   2                      LCD_write_array("WWW.EVMCU.NET");
 116   2                      LCD_write_com(0x99);
 117   2                      LCD_write_array("QQ:1164601485");
C51 COMPILER V7.06   12864字__允_                                                         11/23/2009 13:07:26 PAGE 3   

 118   2                      delay_ms(100);
 119   2      
 120   2                      while(1);
 121   2              }
 122   1      }


MODULE INFORMATION:   STATIC OVERLAYABLE
   CODE SIZE        =    230    ----
   CONSTANT SIZE    =     49    ----
   XDATA SIZE       =   ----    ----
   PDATA SIZE       =   ----    ----
   DATA SIZE        =   ----    ----
   IDATA SIZE       =   ----    ----
   BIT SIZE         =   ----    ----
END OF MODULE INFORMATION.


C51 COMPILATION COMPLETE.  0 WARNING(S),  0 ERROR(S)
