C51 COMPILER V7.50   1                                                                     11/18/2009 18:44:54 PAGE 1   


C51 COMPILER V7.50, COMPILATION OF MODULE 1
OBJECT MODULE PLACED IN 1.OBJ
COMPILER INVOKED BY: d:\Keil\C51\BIN\C51.EXE 1.c BROWSE DEBUG OBJECTEXTEND

line level    source

   1          #include <reg51.h>
   2          #define uchar unsigned char
   3          #define duank P1
   4          #define TIME 5000
   5          
   6          sbit buzzer=P2^0;
   7          sbit key1=P3^0;
   8          sbit key2=P3^1;
   9          sbit key3=P3^3;
  10          sbit key4=P3^4;
  11          sbit key5=P3^5;
  12          sbit key6=P3^6;
  13          sbit key7=P3^7;
  14          sbit rec=P3^2;
  15          
  16          sbit sda=P2^7;
  17          sbit scl=P2^6;
  18          
  19          char num;
  20             
  21          void delay(unsigned int x)
  22          {
  23   1      while(x--);
  24   1      }
  25          
  26          #include <key.h>
  27          #include <tune.h>
  28          
  29          char sound[20]={99,99,99,99,99,99,99,99,99,99,99,99,99,99,99,99,99,99,99,99};
  30          char   rap[20]={2,2,2,2,2,2,2,2,2,2,2,2,2,2,2,2,2,2,2,2};
  31          
  32          #include <songs.h>
  33          #include <24c02.h>
  34          
  35          void init()
  36          {
  37   1              EA=1;//开总终中断
  38   1              EX0=1;//开外部中断0
  39   1              sda=1;
  40   1              delay2();
  41   1              scl=1;
  42   1              delay2();
  43   1      }
  44          
  45          void main()
  46          {
  47   1              
  48   1              char i;
  49   1              init();
  50   1              read();
  51   1              tune(1,3);tune(1,0);tune(1,3);
  52   1              num=-9;
  53   1              while(1)
  54   1              {
  55   2                      i=keyscan();
C51 COMPILER V7.50   1                                                                     11/18/2009 18:44:54 PAGE 2   

  56   2                      if(i==21)
  57   2                      {
  58   3                              playsong1();
  59   3                      num=0;i=0;
  60   3                      }else
  61   2                      if(i==22)
  62   2                      {
  63   3                              playsong2();
  64   3                      num=0;i=0;
  65   3                      }else
  66   2                      if(i==23)
  67   2                      {
  68   3                              playsong3();
  69   3                      num=0;i=0;
  70   3                      }else
  71   2                      if(i==24)
  72   2                      {
  73   3                              playself();
  74   3                      num=0;i=0;
  75   3                      }else
  76   2                              tune(1,i);
  77   2                      num=0;
  78   2                      
  79   2              } 
  80   1      }
  81          
  82          void int0() interrupt 0
  83          {
  84   1              char i,j;
  85   1              tune(1,3);tune(1,0);tune(1,3);
  86   1              for(j=0;j<20;j++)
  87   1                      sound[j]=99;
  88   1              j=0;
  89   1              while(rec!=0)
  90   1              {
  91   2                      i=keyscan();
  92   2                      while(i<-7||i>12)
  93   2                              {
  94   3                                      i=keyscan();
  95   3                                      if(rec==0)goto end1;
  96   3                              }
  97   2                      tune(1,i);
  98   2                      if(i==12)i=0;
  99   2                      sound[j]=i;
 100   2                      i=keyscan();
 101   2                      while(i<21||i>24)
 102   2                              {
 103   3                                      i=keyscan();
 104   3                                      if(rec==0)goto end1;
 105   3                              }
 106   2                      switch(i)
 107   2                      {
 108   3                              case 21:rap[j]=8;break;
 109   3                              case 22:rap[j]=4;break;
 110   3                              case 23:rap[j]=2;break;
 111   3                              case 24:rap[j]=1;break;
 112   3                      }
 113   2                      tune(rap[j],sound[j]);
 114   2                      j++;
 115   2                      if(j==15)
 116   2                      {
 117   3                              tune(1,3);tune(1,0);tune(1,3);
C51 COMPILER V7.50   1                                                                     11/18/2009 18:44:54 PAGE 3   

 118   3                      }
 119   2              }
 120   1              sound[j]=99;
 121   1      end1:
 122   1              j=0;
 123   1              sound[19]=99;
 124   1              tune(8,0);tune(8,0);tune(8,0);
 125   1              while(sound[j]!=99)
 126   1              {
 127   2                      tune(rap[j],sound[j]);
 128   2                      j++;
 129   2              }
 130   1              write();
 131   1              tune(8,0);tune(8,0);tune(8,0);tune(1,3);tune(1,0);tune(1,3);tune(1,0);tune(1,3);
 132   1      }


MODULE INFORMATION:   STATIC OVERLAYABLE
   CODE SIZE        =   4785    ----
   CONSTANT SIZE    =   ----    ----
   XDATA SIZE       =   ----    ----
   PDATA SIZE       =   ----    ----
   DATA SIZE        =     41       6
   IDATA SIZE       =   ----    ----
   BIT SIZE         =   ----    ----
END OF MODULE INFORMATION.


C51 COMPILATION COMPLETE.  0 WARNING(S),  0 ERROR(S)
